[LOG -  496.693839], [  490.378615 ~   496.693793] POST /tech-jam/master_layer_00801.ts
[LOG -  501.542676], [  498.379472 ~   501.542657] POST /tech-jam/master_layer_00805.ts
[LOG -  506.795674], [  502.373506 ~   506.795658] POST /tech-jam/master_layer_00807.ts
[LOG -  510.546007], [  507.136682 ~   510.545994] POST /tech-jam/master_layer_00861.ts
[LOG -  514.669527], [  511.506767 ~   514.669486] POST /tech-jam/master_layer_00864.ts
[LOG -  519.914372], [  514.746352 ~   519.914359] POST /tech-jam/master_layer_00927.ts
[LOG -  523.667621], [  519.945341 ~   523.667604] POST /tech-jam/master_layer_00956.ts
[LOG -  527.954813], [  524.273381 ~   527.954799] POST /tech-jam/master_layer_00990.ts
[LOG -  533.031505], [  528.581695 ~   533.031493] POST /tech-jam/master_layer_01022.ts
[LOG -  536.789538], [  533.240372 ~   536.789509] POST /tech-jam/master_layer_01041.ts
[LOG -  541.634155], [  538.038991 ~   541.634142] POST /tech-jam/master_layer_01064.ts
[LOG -  547.991275], [  542.974399 ~   547.991258] POST /tech-jam/master_layer_01079.ts
[LOG -  551.862144], [  548.974503 ~   551.862116] POST /tech-jam/master_layer_01082.ts
[LOG -  555.789293], [  552.910616 ~   555.789277] POST /tech-jam/master_layer_01084.ts
[LOG -  561.898494], [  556.976698 ~   561.898480] POST /tech-jam/master_layer_01086.ts
[LOG -  565.804537], [  562.923615 ~   565.804516] POST /tech-jam/master_layer_01090.ts
[LOG -  569.942806], [  566.979882 ~   569.942794] POST /tech-jam/master_layer_01092.ts
[LOG -  575.289115], [  570.980389 ~   575.289074] POST /tech-jam/master_layer_01094.ts
[LOG -  580.730908], [  576.983472 ~   580.730886] POST /tech-jam/master_layer_01097.ts
[LOG -  584.446864], [  580.972729 ~   584.446854] POST /tech-jam/master_layer_01168.ts
[LOG -  589.715233], [  585.163726 ~   589.715219] POST /tech-jam/master_layer_01182.ts
[LOG -  594.704858], [  591.679484 ~   594.704839] POST /tech-jam/master_layer_01196.ts
[LOG -  598.652325], [  595.679018 ~   598.652268] POST /tech-jam/master_layer_01198.ts
[LOG -  603.305830], [  599.179755 ~   603.305812] POST /tech-jam/master_layer_01216.ts
[LOG -  606.642668], [  603.785284 ~   606.642656] POST /tech-jam/master_layer_01222.ts
[LOG -  610.630712], [  607.781347 ~   610.630696] POST /tech-jam/master_layer_01224.ts
[LOG -  616.076116], [  611.777510 ~   616.076102] POST /tech-jam/master_layer_01226.ts
[LOG -  620.838779], [  617.780263 ~   620.838758] POST /tech-jam/master_layer_01230.ts
[LOG -  626.165862], [  621.783885 ~   626.165843] POST /tech-jam/master_layer_01232.ts
[LOG -  632.366798], [  627.787724 ~   632.366779] POST /tech-jam/master_layer_01236.ts
[LOG -  636.748539], [  633.789016 ~   636.748480] POST /tech-jam/master_layer_01239.ts
[LOG -  641.072242], [  637.784535 ~   641.072226] POST /tech-jam/master_layer_01241.ts
[LOG -  646.417915], [  641.781938 ~   646.417889] POST /tech-jam/master_layer_01243.ts
[LOG -  651.021217], [  647.786631 ~   651.021197] POST /tech-jam/master_layer_01246.ts
[LOG -  654.891048], [  651.783871 ~   654.891036] POST /tech-jam/master_layer_01248.ts
[LOG -  660.658839], [  655.732123 ~   660.658807] POST /tech-jam/master_layer_01250.ts
[LOG -  665.162615], [  661.780266 ~   665.162578] POST /tech-jam/master_layer_01253.ts
[LOG -  669.146831], [  665.789356 ~   669.146803] POST /tech-jam/master_layer_01255.ts
[LOG -  675.673072], [  669.785360 ~   675.671619] POST /tech-jam/master_layer_01257.ts
[LOG -  680.130754], [  675.783502 ~   680.130735] POST /tech-jam/master_layer_01260.ts
[LOG -  687.594996], [  681.786049 ~   687.594970] POST /tech-jam/master_layer_01263.ts
[LOG -  691.453191], [  687.783346 ~   691.453175] POST /tech-jam/master_layer_01266.ts
[LOG -  695.193475], [  691.787036 ~   695.193462] POST /tech-jam/master_layer_01268.ts
[LOG -  700.337622], [  695.785871 ~   700.337604] POST /tech-jam/master_layer_01270.ts
[LOG -  705.536274], [  701.786921 ~   705.536259] POST /tech-jam/master_layer_01273.ts
[LOG -  709.110277], [  705.785099 ~   709.110263] POST /tech-jam/master_layer_01275.ts
[LOG -  715.201453], [  709.742820 ~   715.201439] POST /tech-jam/master_layer_01277.ts
[LOG -  719.005814], [  715.741489 ~   719.005796] POST /tech-jam/master_layer_01280.ts
[LOG -  723.481580], [  719.770914 ~   723.481559] POST /tech-jam/master_layer_01282.ts
[LOG -  728.389078], [  723.747266 ~   728.389059] POST /tech-jam/master_layer_01284.ts
[LOG -  732.926766], [  729.788569 ~   732.926751] POST /tech-jam/master_layer_01287.ts
[LOG -  736.892858], [  733.797976 ~   736.892842] POST /tech-jam/master_layer_01289.ts
[LOG -  742.212285], [  737.739004 ~   742.212275] POST /tech-jam/master_layer_01291.ts
[LOG -  747.359676], [  743.744792 ~   747.359659] POST /tech-jam/master_layer_01294.ts
[LOG -  751.865706], [  747.797324 ~   751.865690] POST /tech-jam/master_layer_01296.ts
[LOG -  758.841508], [  753.747332 ~   758.841491] POST /tech-jam/master_layer_01299.ts
[LOG -  763.768318], [  759.748240 ~   763.768306] POST /tech-jam/master_layer_01302.ts
[LOG -  771.349640], [  765.762513 ~   771.349622] POST /tech-jam/master_layer_01305.ts
[LOG -  775.634799], [  771.781150 ~   775.634784] POST /tech-jam/master_layer_01308.ts
[LOG -  779.287703], [  775.802272 ~   779.287647] POST /tech-jam/master_layer_01310.ts
[LOG -  784.771248], [  779.816274 ~   784.771230] POST /tech-jam/master_layer_01312.ts
[LOG -  789.351392], [  785.796787 ~   789.351334] POST /tech-jam/master_layer_01315.ts
[LOG -  793.637408], [  789.794896 ~   793.637379] POST /tech-jam/master_layer_01317.ts
[LOG -  798.257678], [  793.793562 ~   798.257665] POST /tech-jam/master_layer_01319.ts
[LOG -  803.139165], [  799.795051 ~   803.139147] POST /tech-jam/master_layer_01322.ts
[LOG -  807.452858], [  803.794811 ~   807.452838] POST /tech-jam/master_layer_01324.ts
[LOG -  813.595220], [  807.793408 ~   813.595209] POST /tech-jam/master_layer_01326.ts
[LOG -  817.822521], [  813.797025 ~   817.822482] POST /tech-jam/master_layer_01329.ts
[LOG -  824.685294], [  819.794898 ~   824.685282] POST /tech-jam/master_layer_01332.ts
[LOG -  830.024559], [  825.798574 ~   830.024545] POST /tech-jam/master_layer_01335.ts
[LOG -  836.457685], [  831.797149 ~   836.457673] POST /tech-jam/master_layer_01338.ts
[LOG -  842.270612], [  837.794855 ~   842.270594] POST /tech-jam/master_layer_01341.ts
[LOG -  848.620276], [  843.765641 ~   848.620262] POST /tech-jam/master_layer_01344.ts
[LOG -  853.515437], [  849.757105 ~   853.515427] POST /tech-jam/master_layer_01347.ts
[LOG -  857.927370], [  853.754884 ~   857.927354] POST /tech-jam/master_layer_01349.ts
[LOG -  865.042126], [  859.800557 ~   865.042096] POST /tech-jam/master_layer_01352.ts
[LOG -  869.299389], [  865.751796 ~   869.299370] POST /tech-jam/master_layer_01355.ts
[LOG -  873.602256], [  869.754480 ~   873.602245] POST /tech-jam/master_layer_01357.ts
[LOG -  879.561757], [  873.755853 ~   879.561741] POST /tech-jam/master_layer_01359.ts
[LOG -  884.987551], [  879.830311 ~   884.987499] POST /tech-jam/master_layer_01362.ts
[LOG -  889.956438], [  885.759775 ~   889.956425] POST /tech-jam/master_layer_01365.ts
[LOG -  896.658010], [  891.802230 ~   896.657976] POST /tech-jam/master_layer_01368.ts
[LOG -  933.802836], [  929.140304 ~   933.802822] POST /tech-jam/master_layer_00802.ts
[LOG -  937.978616], [  935.140640 ~   937.978593] POST /tech-jam/master_layer_00805.ts
[LOG -  942.914573], [  939.063190 ~   942.914562] POST /tech-jam/master_layer_00807.ts
[LOG -  947.421502], [  942.943775 ~   947.421490] POST /tech-jam/master_layer_00973.ts
[LOG -  951.535586], [  948.243989 ~   951.535569] POST /tech-jam/master_layer_00996.ts
[LOG -  956.857986], [  953.441550 ~   956.857974] POST /tech-jam/master_layer_01052.ts
[LOG -  962.610338], [  957.641732 ~   962.610311] POST /tech-jam/master_layer_01084.ts
[LOG -  966.085020], [  963.641893 ~   966.085005] POST /tech-jam/master_layer_01088.ts
[LOG -  969.920354], [  967.639781 ~   969.920331] POST /tech-jam/master_layer_01090.ts
[LOG -  975.602470], [  971.636494 ~   975.602459] POST /tech-jam/master_layer_01092.ts
[LOG -  980.113721], [  975.644525 ~   980.113711] POST /tech-jam/master_layer_01094.ts
[LOG -  984.828540], [  981.642293 ~   984.828525] POST /tech-jam/master_layer_01097.ts
[LOG -  990.453818], [  985.639444 ~   990.453806] POST /tech-jam/master_layer_01099.ts
[LOG -  997.316060], [  992.246654 ~   997.316047] POST /tech-jam/master_layer_01112.ts
[LOG - 1001.727327], [  997.493499 ~  1001.727239] POST /tech-jam/master_layer_01192.ts
[LOG - 1006.662735], [ 1003.541265 ~  1006.662723] POST /tech-jam/master_layer_01199.ts
[LOG - 1010.431990], [ 1007.559807 ~  1010.431969] POST /tech-jam/master_layer_01201.ts
[LOG - 1015.965332], [ 1011.563722 ~  1015.965318] POST /tech-jam/master_layer_01203.ts
[LOG - 1020.462422], [ 1017.542500 ~  1020.462407] POST /tech-jam/master_layer_01206.ts
[LOG - 1024.246153], [ 1021.545516 ~  1024.246141] POST /tech-jam/master_layer_01227.ts
[LOG - 1030.101475], [ 1025.744986 ~  1030.101463] POST /tech-jam/master_layer_01229.ts
[LOG - 1035.120481], [ 1031.741707 ~  1035.120465] POST /tech-jam/master_layer_01232.ts
[LOG - 1039.303721], [ 1035.744352 ~  1039.303709] POST /tech-jam/master_layer_01235.ts
[LOG - 1044.536495], [ 1039.532636 ~  1044.536488] POST /tech-jam/master_layer_01321.ts
[LOG - 1236.103388], [ 1230.035385 ~  1236.103378] POST /tech-jam/master_layer_01719.ts
[LOG - 2581.710502], [ 2575.934790 ~  2581.710491] POST /tech-jam/master_layer_00802.ts
[LOG - 2585.018618], [ 2581.934279 ~  2585.018600] POST /tech-jam/master_layer_00805.ts
[LOG - 2588.975092], [ 2585.834641 ~  2588.975082] POST /tech-jam/master_layer_00807.ts
[LOG - 2594.934149], [ 2589.845518 ~  2594.934132] POST /tech-jam/master_layer_00809.ts
[LOG - 2599.256954], [ 2595.853558 ~  2599.256938] POST /tech-jam/master_layer_00812.ts
[LOG - 2603.510905], [ 2599.838671 ~  2603.510888] POST /tech-jam/master_layer_00814.ts
[LOG - 2609.025973], [ 2604.551038 ~  2609.025960] POST /tech-jam/master_layer_00854.ts
[LOG - 2613.770824], [ 2610.535656 ~  2613.770808] POST /tech-jam/master_layer_00857.ts
[LOG - 2618.422542], [ 2614.561016 ~  2618.422509] POST /tech-jam/master_layer_00859.ts
[LOG - 2622.582460], [ 2618.559226 ~  2622.582442] POST /tech-jam/master_layer_00861.ts
[LOG - 2627.789452], [ 2624.535852 ~  2627.789441] POST /tech-jam/master_layer_00864.ts
[LOG - 2631.462340], [ 2628.542072 ~  2631.462328] POST /tech-jam/master_layer_00866.ts
[LOG - 2636.856658], [ 2632.557884 ~  2636.856644] POST /tech-jam/master_layer_00868.ts
[LOG - 2642.564930], [ 2638.537096 ~  2642.564913] POST /tech-jam/master_layer_00871.ts
[LOG - 2649.087782], [ 2644.535828 ~  2649.087768] POST /tech-jam/master_layer_00874.ts
[LOG - 2653.909976], [ 2650.542680 ~  2653.909932] POST /tech-jam/master_layer_00877.ts
[LOG - 2657.323733], [ 2654.560742 ~  2657.323722] POST /tech-jam/master_layer_00879.ts
[LOG - 2662.755888], [ 2658.554653 ~  2662.755877] POST /tech-jam/master_layer_00881.ts
[LOG - 2668.125193], [ 2664.548102 ~  2668.125162] POST /tech-jam/master_layer_00884.ts
[LOG - 2678.583845], [ 2673.253056 ~  2678.583830] POST /tech-jam/master_layer_00801.ts
[LOG - 2696.295512], [ 2691.473330 ~  2696.295498] POST /tech-jam/master_layer_00860.ts
[LOG - 2700.695828], [ 2697.487889 ~  2700.695794] POST /tech-jam/master_layer_00801.ts
[LOG - 2705.748215], [ 2701.484734 ~  2705.748194] POST /tech-jam/master_layer_00803.ts
[LOG - 2711.376126], [ 2706.087250 ~  2711.376115] POST /tech-jam/master_layer_00942.ts
[LOG - 2715.181773], [ 2711.893499 ~  2715.181764] POST /tech-jam/master_layer_01021.ts
[LOG - 2719.657912], [ 2715.578857 ~  2719.657893] POST /tech-jam/master_layer_01047.ts
[LOG - 2725.293788], [ 2721.086980 ~  2725.293765] POST /tech-jam/master_layer_01085.ts
[LOG - 2729.595780], [ 2727.090246 ~  2729.595769] POST /tech-jam/master_layer_01089.ts
[LOG - 2733.600712], [ 2731.086731 ~  2733.600692] POST /tech-jam/master_layer_01091.ts
[LOG - 2739.116721], [ 2735.084463 ~  2739.116705] POST /tech-jam/master_layer_01093.ts
[LOG - 2744.144407], [ 2741.086521 ~  2744.144394] POST /tech-jam/master_layer_01096.ts
[LOG - 2747.739260], [ 2745.093100 ~  2747.739239] POST /tech-jam/master_layer_01098.ts
[LOG - 2753.935186], [ 2749.088181 ~  2753.935173] POST /tech-jam/master_layer_01100.ts
[LOG - 2757.889660], [ 2755.086632 ~  2757.889651] POST /tech-jam/master_layer_01103.ts
[LOG - 2761.645248], [ 2759.086971 ~  2761.645223] POST /tech-jam/master_layer_01105.ts
[LOG - 2768.681682], [ 2763.450193 ~  2768.681670] POST /tech-jam/master_layer_01102.ts
[LOG - 2772.642978], [ 2769.788803 ~  2772.642956] POST /tech-jam/master_layer_01141.ts
[LOG - 2775.840693], [ 2772.677627 ~  2775.840676] POST /tech-jam/master_layer_01158.ts
[LOG - 2780.711895], [ 2776.403523 ~  2780.711879] POST /tech-jam/master_layer_01192.ts
[LOG - 2783.770931], [ 2781.087631 ~  2783.770913] POST /tech-jam/master_layer_01198.ts
[LOG - 2787.115546], [ 2784.082518 ~  2787.115530] POST /tech-jam/master_layer_01213.ts
[LOG - 2793.351192], [ 2789.030026 ~  2793.351176] POST /tech-jam/master_layer_01222.ts
[LOG - 2798.142197], [ 2795.089418 ~  2798.142183] POST /tech-jam/master_layer_01225.ts
[LOG - 2801.806933], [ 2799.087405 ~  2801.806917] POST /tech-jam/master_layer_01228.ts
[LOG - 2807.847791], [ 2803.087559 ~  2807.847773] POST /tech-jam/master_layer_01230.ts
[LOG - 2812.084070], [ 2809.091008 ~  2812.084042] POST /tech-jam/master_layer_01233.ts
[LOG - 2816.159700], [ 2813.027057 ~  2816.159682] POST /tech-jam/master_layer_01236.ts
[LOG - 2821.395965], [ 2817.091764 ~  2821.395948] POST /tech-jam/master_layer_01238.ts
[LOG - 2826.081926], [ 2823.025904 ~  2826.081913] POST /tech-jam/master_layer_01241.ts
[LOG - 2831.397076], [ 2827.111097 ~  2831.397058] POST /tech-jam/master_layer_01243.ts
[LOG - 2838.004907], [ 2833.090175 ~  2838.004894] POST /tech-jam/master_layer_01246.ts
[LOG - 2842.771266], [ 2839.090287 ~  2842.771249] POST /tech-jam/master_layer_01249.ts
[LOG - 2846.788498], [ 2843.089828 ~  2846.788485] POST /tech-jam/master_layer_01251.ts
[LOG - 2851.640104], [ 2847.031071 ~  2851.640089] POST /tech-jam/master_layer_01253.ts
[LOG - 2856.364710], [ 2853.092168 ~  2856.364690] POST /tech-jam/master_layer_01256.ts
[LOG - 2860.307394], [ 2857.100502 ~  2860.307377] POST /tech-jam/master_layer_01258.ts
[LOG - 2865.640706], [ 2861.090245 ~  2865.640690] POST /tech-jam/master_layer_01260.ts
[LOG - 2871.441569], [ 2867.095163 ~  2871.441554] POST /tech-jam/master_layer_01263.ts
[LOG - 2877.498862], [ 2873.090532 ~  2877.498840] POST /tech-jam/master_layer_01266.ts
[LOG - 2882.204109], [ 2879.092088 ~  2882.204090] POST /tech-jam/master_layer_01269.ts
[LOG - 2886.455252], [ 2883.092041 ~  2886.455235] POST /tech-jam/master_layer_01271.ts
[LOG - 2892.714273], [ 2887.097871 ~  2892.714261] POST /tech-jam/master_layer_01273.ts
[LOG - 2896.367178], [ 2893.091889 ~  2896.367160] POST /tech-jam/master_layer_01276.ts
[LOG - 2900.226320], [ 2897.094115 ~  2900.226296] POST /tech-jam/master_layer_01278.ts
[LOG - 2906.277837], [ 2901.094976 ~  2906.277821] POST /tech-jam/master_layer_01280.ts
[LOG - 2910.681284], [ 2907.095257 ~  2910.681273] POST /tech-jam/master_layer_01283.ts
[LOG - 2914.265060], [ 2911.092481 ~  2914.265036] POST /tech-jam/master_layer_01285.ts
[LOG - 2919.314154], [ 2915.093463 ~  2919.314142] POST /tech-jam/master_layer_01287.ts
[LOG - 2924.248903], [ 2921.094326 ~  2924.248884] POST /tech-jam/master_layer_01290.ts
[LOG - 2928.299202], [ 2925.093897 ~  2928.299186] POST /tech-jam/master_layer_01292.ts
[LOG - 2933.812131], [ 2929.033063 ~  2933.812108] POST /tech-jam/master_layer_01294.ts
[LOG - 2938.368268], [ 2935.094356 ~  2938.368246] POST /tech-jam/master_layer_01297.ts
[LOG - 2942.849622], [ 2939.030755 ~  2942.849606] POST /tech-jam/master_layer_01299.ts
[LOG - 2947.717058], [ 2943.094382 ~  2947.717024] POST /tech-jam/master_layer_01301.ts
[LOG - 2954.135764], [ 2949.094471 ~  2954.135750] POST /tech-jam/master_layer_01304.ts
[LOG - 2959.679725], [ 2955.031188 ~  2959.679713] POST /tech-jam/master_layer_01307.ts
[LOG - 2964.540526], [ 2961.094800 ~  2964.540513] POST /tech-jam/master_layer_01310.ts
[LOG - 2968.579223], [ 2965.097153 ~  2968.579207] POST /tech-jam/master_layer_01312.ts
[LOG - 2973.441492], [ 2969.033145 ~  2973.441479] POST /tech-jam/master_layer_01314.ts
[LOG - 2978.163710], [ 2975.097571 ~  2978.163683] POST /tech-jam/master_layer_01317.ts
[LOG - 2982.122010], [ 2979.096070 ~  2982.121999] POST /tech-jam/master_layer_01319.ts
[LOG - 2987.439796], [ 2983.096707 ~  2987.439783] POST /tech-jam/master_layer_01321.ts
[LOG - 2992.166292], [ 2989.096206 ~  2992.166265] POST /tech-jam/master_layer_01324.ts
[LOG - 2996.306269], [ 2993.033345 ~  2996.306253] POST /tech-jam/master_layer_01326.ts
[LOG - 3001.781482], [ 2997.097316 ~  3001.781467] POST /tech-jam/master_layer_01328.ts
[LOG - 3006.430045], [ 3003.096378 ~  3006.430030] POST /tech-jam/master_layer_01331.ts
[LOG - 3010.468709], [ 3007.102260 ~  3010.468683] POST /tech-jam/master_layer_01333.ts
[LOG - 3016.398467], [ 3011.033288 ~  3016.398451] POST /tech-jam/master_layer_01335.ts
[LOG - 3020.362529], [ 3017.033702 ~  3020.362508] POST /tech-jam/master_layer_01338.ts
[LOG - 3024.314502], [ 3021.097113 ~  3024.314485] POST /tech-jam/master_layer_01340.ts
[LOG - 3029.729697], [ 3025.038818 ~  3029.729680] POST /tech-jam/master_layer_01342.ts
[LOG - 3034.441571], [ 3031.100731 ~  3034.441557] POST /tech-jam/master_layer_01345.ts
[LOG - 3038.284967], [ 3035.099232 ~  3038.284951] POST /tech-jam/master_layer_01347.ts
[LOG - 3043.545572], [ 3039.034336 ~  3043.545560] POST /tech-jam/master_layer_01349.ts
[LOG - 3048.470873], [ 3045.099386 ~  3048.470833] POST /tech-jam/master_layer_01352.ts
[LOG - 3052.232274], [ 3049.040263 ~  3052.232249] POST /tech-jam/master_layer_01354.ts
[LOG - 3057.484069], [ 3053.099046 ~  3057.484053] POST /tech-jam/master_layer_01356.ts
[LOG - 3062.155010], [ 3059.037520 ~  3062.154987] POST /tech-jam/master_layer_01359.ts
[LOG - 3066.290119], [ 3063.098257 ~  3066.290091] POST /tech-jam/master_layer_01361.ts
[LOG - 3071.608638], [ 3067.101799 ~  3071.608622] POST /tech-jam/master_layer_01363.ts
[LOG - 3076.918703], [ 3073.100465 ~  3076.918683] POST /tech-jam/master_layer_01366.ts
[LOG - 3080.224950], [ 3077.103124 ~  3080.224939] POST /tech-jam/master_layer_01368.ts
[LOG - 3085.751160], [ 3081.103166 ~  3085.751144] POST /tech-jam/master_layer_01370.ts
[LOG - 3090.697528], [ 3087.104849 ~  3090.697499] POST /tech-jam/master_layer_01373.ts
[LOG - 3094.123283], [ 3091.100478 ~  3094.123269] POST /tech-jam/master_layer_01375.ts
[LOG - 3100.184405], [ 3095.102010 ~  3100.184388] POST /tech-jam/master_layer_01377.ts
[LOG - 3104.146343], [ 3101.100598 ~  3104.146332] POST /tech-jam/master_layer_01380.ts
[LOG - 3108.387423], [ 3105.089238 ~  3108.387404] POST /tech-jam/master_layer_01382.ts
[LOG - 3113.568722], [ 3109.101336 ~  3113.568707] POST /tech-jam/master_layer_01384.ts
[LOG - 3118.173927], [ 3115.101639 ~  3118.173910] POST /tech-jam/master_layer_01387.ts
[LOG - 3122.979572], [ 3119.102917 ~  3122.979561] POST /tech-jam/master_layer_01389.ts
[LOG - 3127.689537], [ 3123.038796 ~  3127.689482] POST /tech-jam/master_layer_01391.ts
[LOG - 3132.257240], [ 3129.101203 ~  3132.257220] POST /tech-jam/master_layer_01394.ts
[LOG - 3136.426026], [ 3133.101091 ~  3136.426014] POST /tech-jam/master_layer_01396.ts
[LOG - 3142.785944], [ 3137.042369 ~  3142.785932] POST /tech-jam/master_layer_01398.ts
[LOG - 3146.870232], [ 3143.102317 ~  3146.870215] POST /tech-jam/master_layer_01401.ts
[LOG - 3150.467333], [ 3147.038350 ~  3150.467321] POST /tech-jam/master_layer_01403.ts
[LOG - 3155.999498], [ 3151.105254 ~  3155.999485] POST /tech-jam/master_layer_01405.ts
[LOG - 3160.477626], [ 3157.105206 ~  3160.477614] POST /tech-jam/master_layer_01408.ts
[LOG - 3164.528432], [ 3161.104064 ~  3164.528411] POST /tech-jam/master_layer_01410.ts
[LOG - 3169.926786], [ 3165.037863 ~  3169.926772] POST /tech-jam/master_layer_01412.ts
[LOG - 3173.946858], [ 3171.103525 ~  3173.946844] POST /tech-jam/master_layer_01415.ts
[LOG - 3178.183629], [ 3175.106610 ~  3178.183605] POST /tech-jam/master_layer_01417.ts
[LOG - 3183.070616], [ 3179.103381 ~  3183.070597] POST /tech-jam/master_layer_01419.ts
[LOG - 3188.085167], [ 3185.104445 ~  3188.085144] POST /tech-jam/master_layer_01422.ts
[LOG - 3192.095373], [ 3189.103264 ~  3192.095360] POST /tech-jam/master_layer_01424.ts
[LOG - 3197.361266], [ 3193.108707 ~  3197.361251] POST /tech-jam/master_layer_01426.ts
[LOG - 3201.561744], [ 3199.106699 ~  3201.561732] POST /tech-jam/master_layer_01430.ts
[LOG - 3206.355655], [ 3203.103835 ~  3206.355642] POST /tech-jam/master_layer_01432.ts
[LOG - 3210.841907], [ 3207.106110 ~  3210.841884] POST /tech-jam/master_layer_01434.ts
[LOG - 3213.831973], [ 3211.109018 ~  3213.831959] POST /tech-jam/master_layer_01436.ts
[LOG - 3217.916506], [ 3215.104601 ~  3217.916492] POST /tech-jam/master_layer_01438.ts
[LOG - 3223.235021], [ 3219.105420 ~  3223.235010] POST /tech-jam/master_layer_01440.ts
[LOG - 3227.766664], [ 3225.106076 ~  3227.766645] POST /tech-jam/master_layer_01443.ts
[LOG - 3231.809717], [ 3229.103049 ~  3231.809706] POST /tech-jam/master_layer_01445.ts
[LOG - 3237.447185], [ 3233.106578 ~  3237.447170] POST /tech-jam/master_layer_01447.ts
[LOG - 3241.849655], [ 3239.106236 ~  3241.849643] POST /tech-jam/master_layer_01450.ts
[LOG - 3245.976725], [ 3243.099722 ~  3245.976699] POST /tech-jam/master_layer_01452.ts
[LOG - 3251.205837], [ 3247.107075 ~  3251.205823] POST /tech-jam/master_layer_01454.ts
[LOG - 3255.839155], [ 3253.105870 ~  3255.839127] POST /tech-jam/master_layer_01457.ts
[LOG - 3260.074789], [ 3257.107923 ~  3260.074755] POST /tech-jam/master_layer_01459.ts
[LOG - 3265.551874], [ 3261.105972 ~  3265.551859] POST /tech-jam/master_layer_01461.ts
[LOG - 3271.575210], [ 3267.111886 ~  3271.575194] POST /tech-jam/master_layer_01464.ts
[LOG - 3277.633784], [ 3273.111065 ~  3277.633773] POST /tech-jam/master_layer_01467.ts
[LOG - 3282.709496], [ 3279.607834 ~  3282.709483] POST /tech-jam/master_layer_01470.ts
[LOG - 3286.816369], [ 3283.508787 ~  3286.816357] POST /tech-jam/master_layer_01472.ts
[LOG - 3292.381708], [ 3287.513969 ~  3292.381697] POST /tech-jam/master_layer_01474.ts
[LOG - 3355.014836], [ 3349.659727 ~  3355.014824] POST /tech-jam/master_layer_00801.ts
[LOG - 3358.728119], [ 3355.651889 ~  3358.728099] POST /tech-jam/master_layer_00804.ts
[LOG - 3362.681099], [ 3359.729924 ~  3362.681065] POST /tech-jam/master_layer_00806.ts
[LOG - 3368.516145], [ 3363.659853 ~  3368.516133] POST /tech-jam/master_layer_00808.ts
[LOG - 3372.934585], [ 3369.653193 ~  3372.934570] POST /tech-jam/master_layer_00811.ts
[LOG - 3562.362729], [ 3556.146353 ~  3562.362710] POST /tech-jam/master_layer_00817.ts
[LOG - 3567.518117], [ 3564.135523 ~  3567.518102] POST /tech-jam/master_layer_00821.ts
[LOG - 3571.229533], [ 3568.166525 ~  3571.229512] POST /tech-jam/master_layer_00823.ts
[LOG - 3576.790143], [ 3572.135113 ~  3576.790131] POST /tech-jam/master_layer_00825.ts
[LOG - 3581.718326], [ 3578.661833 ~  3581.718305] POST /tech-jam/master_layer_00963.ts
[LOG - 3587.043699], [ 3582.917534 ~  3587.043675] POST /tech-jam/master_layer_01084.ts
[LOG - 3590.879285], [ 3588.464658 ~  3590.879272] POST /tech-jam/master_layer_01095.ts
[LOG - 3595.091290], [ 3592.437930 ~  3595.091277] POST /tech-jam/master_layer_01097.ts
[LOG -    0.303168], [ 3596.433654 ~     0.303151] POST /tech-jam/master_layer_01099.ts
[LOG -    3.105190], [    0.466616 ~     3.105164] POST /tech-jam/master_layer_01101.ts
[LOG -    7.289934], [    4.462151 ~     7.289923] POST /tech-jam/master_layer_01103.ts
[LOG -   12.478259], [    8.459712 ~    12.478244] POST /tech-jam/master_layer_01105.ts
[LOG -   17.202086], [   14.441017 ~    17.202070] POST /tech-jam/master_layer_01108.ts
[LOG -   20.686037], [   17.303085 ~    20.686008] POST /tech-jam/master_layer_01119.ts
[LOG -   26.622017], [   21.760083 ~    26.622002] POST /tech-jam/master_layer_01149.ts
[LOG -   29.765029], [   26.970325 ~    29.765013] POST /tech-jam/master_layer_01218.ts
[LOG -   33.070657], [   30.068745 ~    33.070640] POST /tech-jam/master_layer_01222.ts
[LOG -   39.162672], [   34.837955 ~    39.162659] POST /tech-jam/master_layer_01240.ts
[LOG -   43.805054], [   40.839849 ~    43.805042] POST /tech-jam/master_layer_01243.ts
[LOG -   47.839511], [   44.868062 ~    47.839497] POST /tech-jam/master_layer_01245.ts
[LOG -   53.794991], [   48.838716 ~    53.794980] POST /tech-jam/master_layer_01247.ts
[LOG -   58.044599], [   54.766142 ~    58.044581] POST /tech-jam/master_layer_01250.ts
[LOG -   61.710457], [   58.764698 ~    61.710432] POST /tech-jam/master_layer_01252.ts